<?xml version="1.0" encoding="UTF-8"?>
<testng-results ignored="0" total="1" passed="1" failed="0" skipped="0">
  <reporter-output>
  </reporter-output>
  <suite started-at="2024-08-15T14:13:03 IST" name="Default suite" finished-at="2024-08-15T14:13:03 IST" duration-ms="316">
    <groups>
    </groups>
    <test started-at="2024-08-15T14:13:03 IST" name="Default test" finished-at="2024-08-15T14:13:03 IST" duration-ms="316">
      <class name="BTS.Script2">
        <test-method signature="swap()[pri:0, instance:BTS.Script2@625732]" started-at="2024-08-15T14:13:03 IST" name="swap" finished-at="2024-08-15T14:13:03 IST" duration-ms="37" status="PASS">
          <reporter-output>
          </reporter-output>
        </test-method> <!-- swap -->
      </class> <!-- BTS.Script2 -->
    </test> <!-- Default test -->
  </suite> <!-- Default suite -->
</testng-results>
